<?xml version="1.0" encoding="UTF-8"?>
<testng-results ignored="0" total="1" passed="1" failed="0" skipped="0">
  <reporter-output>
  </reporter-output>
  <suite started-at="2019-12-09T00:23:12 IST" name="Suite" finished-at="2019-12-09T00:24:02 IST" duration-ms="49529">
    <groups>
    </groups>
    <test started-at="2019-12-09T00:23:12 IST" name="Test" finished-at="2019-12-09T00:24:02 IST" duration-ms="49529">
      <class name="com.testCases.MainPageTestCases">
        <test-method is-config="true" signature="beforeMethod()[pri:0, instance:com.testCases.MainPageTestCases@79ad8b2f]" started-at="2019-12-09T00:23:12 IST" name="beforeMethod" finished-at="2019-12-09T00:23:49 IST" duration-ms="36333" status="PASS">
          <reporter-output>
          </reporter-output>
        </test-method> <!-- beforeMethod -->
        <test-method signature="sendMessage()[pri:0, instance:com.testCases.MainPageTestCases@79ad8b2f]" started-at="2019-12-09T00:23:49 IST" name="sendMessage" finished-at="2019-12-09T00:24:02 IST" duration-ms="13143" status="PASS">
          <reporter-output>
          </reporter-output>
        </test-method> <!-- sendMessage -->
      </class> <!-- com.testCases.MainPageTestCases -->
    </test> <!-- Test -->
  </suite> <!-- Suite -->
</testng-results>
